{"title": "a", "subtitle": "一个", "arg": "2.2.5$%a$%一个$%EN2zh-CHS$%$%",         "icon": "icon.png"}
{"title": "apple", "subtitle": "苹果", "arg": "2.2.5$%apple$%苹果$%EN2zh-CHS$%$%",         "icon": "icon.png"}
{"title": "美国", "subtitle": "The United States", "arg": "2.2.5$%美国$%The United States$%zh-CHS2EN$%$%",         "icon": "icon.png"}
{"title": "美国", "subtitle": "The United States", "arg": "2.2.5$%美国$%The United States$%zh-CHS2EN$%$%",         "icon": "icon.png"}
{"title": "美国", "subtitle": "The United States", "arg": "2.2.5$%美国$%The United States$%zh-CHS2EN$%$%",         "icon": "icon.png"}
{"title": "美国", "subtitle": "The United States", "arg": "2.2.5$%美国$%The United States$%zh-CHS2EN$%$%",         "icon": "icon.png"}
{"title": "美国", "subtitle": "The United States", "arg": "2.2.5$%美国$%The United States$%zh-CHS2EN$%$%",         "icon": "icon.png"}
{"title": "安全", "subtitle": "security", "arg": "2.2.5$%安全$%security$%zh-CHS2EN$%$%",         "icon": "icon.png"}
{"title": "安全", "subtitle": "security", "arg": "2.2.5$%安全$%security$%zh-CHS2EN$%$%",         "icon": "icon.png"}
{"title": "sureness", "subtitle": "踏实", "arg": "2.2.5$%sureness$%踏实$%EN2zh-CHS$%$%",         "icon": "icon.png"}
{"title": "sureness", "subtitle": "踏实", "arg": "2.2.5$%sureness$%踏实$%EN2zh-CHS$%$%",         "icon": "icon.png"}
{"title": "re", "subtitle": "再保险", "arg": "2.2.5$%re$%再保险$%EN2zh-CHS$%$%",         "icon": "icon.png"}
{"title": "related", "subtitle": "相关的", "arg": "2.2.5$%related$%相关的$%EN2zh-CHS$%$%",         "icon": "icon.png"}
{"title": "related", "subtitle": "相关的", "arg": "2.2.5$%related$%相关的$%EN2zh-CHS$%$%",         "icon": "icon.png"}
{"title": "pas", "subtitle": "没有", "arg": "2.2.5$%pas$%没有$%EN2zh-CHS$%$%",         "icon": "icon.png"}
{"title": "paste", "subtitle": "粘贴", "arg": "2.2.5$%paste$%粘贴$%EN2zh-CHS$%$%",         "icon": "icon.png"}
{"title": "pasteboard", "subtitle": "纸板", "arg": "2.2.5$%pasteboard$%纸板$%EN2zh-CHS$%$%",         "icon": "icon.png"}
{"title": "pasteboard", "subtitle": "纸板", "arg": "2.2.5$%pasteboard$%纸板$%EN2zh-CHS$%$%",         "icon": "icon.png"}
{"title": "docker", "subtitle": "码头工人", "arg": "2.2.5$%docker$%码头工人$%EN2zh-CHS$%$%",         "icon": "icon.png"}
{"title": "asdas", "subtitle": "阿斯达", "arg": "2.2.5$%asdas$%阿斯达$%EN2zh-CHS$%$%",         "icon": "icon.png"}
{"title": "asdas", "subtitle": "阿斯达", "arg": "2.2.5$%asdas$%阿斯达$%EN2zh-CHS$%$%",         "icon": "icon.png"}
{"title": "a", "subtitle": "一个", "arg": "2.2.5$%a$%一个$%EN2zh-CHS$%$%",         "icon": "icon.png"}
{"title": "apple", "subtitle": "苹果", "arg": "2.2.5$%apple$%苹果$%EN2zh-CHS$%$%",         "icon": "icon.png"}
{"title": "apple", "subtitle": "苹果", "arg": "2.2.5$%apple$%苹果$%EN2zh-CHS$%$%",         "icon": "icon.png"}
{"title": "g", "subtitle": "g", "arg": "2.2.5$%g$%g$%EN2zh-CHS$%$%",         "icon": "icon.png"}
{"title": "google", "subtitle": "谷歌", "arg": "2.2.5$%google$%谷歌$%EN2zh-CHS$%$%",         "icon": "icon.png"}
{"title": "google", "subtitle": "谷歌", "arg": "2.2.5$%google$%谷歌$%EN2zh-CHS$%$%",         "icon": "icon.png"}
{"title": "asda", "subtitle": "阿斯达", "arg": "2.2.5$%asda$%阿斯达$%EN2zh-CHS$%$%",         "icon": "icon.png"}
{"title": "a", "subtitle": "一个", "arg": "2.2.5$%a$%一个$%EN2zh-CHS$%$%",         "icon": "icon.png"}
{"title": "apple", "subtitle": "苹果", "arg": "2.2.5$%apple$%苹果$%EN2zh-CHS$%$%",         "icon": "icon.png"}
{"title": "asdas", "subtitle": "阿斯达", "arg": "2.2.5$%asdas$%阿斯达$%EN2zh-CHS$%$%",         "icon": "icon.png"}
{"title": "asdas", "subtitle": "阿斯达", "arg": "2.2.5$%asdas$%阿斯达$%EN2zh-CHS$%$%",         "icon": "icon.png"}
{"title": "ads", "subtitle": "广告", "arg": "2.2.5$%ads$%广告$%EN2zh-CHS$%$%",         "icon": "icon.png"}
{"title": "php", "subtitle": "php", "arg": "2.2.5$%php$%php$%EN2zh-CHS$%$%",         "icon": "icon.png"}
{"title": "php", "subtitle": "php", "arg": "2.2.5$%php$%php$%EN2zh-CHS$%$%",         "icon": "icon.png"}
{"title": "php", "subtitle": "php", "arg": "2.2.5$%php$%php$%EN2zh-CHS$%$%",         "icon": "icon.png"}
{"title": "php", "subtitle": "php", "arg": "2.2.5$%php$%php$%EN2zh-CHS$%$%",         "icon": "icon.png"}
{"title": "as", "subtitle": "作为", "arg": "2.2.5$%as$%作为$%EN2zh-CHS$%$%",         "icon": "icon.png"}
{"title": "asd", "subtitle": "自闭症谱系障碍", "arg": "2.2.5$%asd$%自闭症谱系障碍$%EN2zh-CHS$%$%",         "icon": "icon.png"}
{"title": "apple", "subtitle": "苹果", "arg": "2.2.5$%apple$%苹果$%EN2zh-CHS$%$%",         "icon": "icon.png"}
{"title": "apple", "subtitle": "苹果", "arg": "2.2.5$%apple$%苹果$%EN2zh-CHS$%$%",         "icon": "icon.png"}
{"title": "man", "subtitle": "男人。", "arg": "2.2.5$%man$%男人。$%EN2zh-CHS$%$%",         "icon": "icon.png"}
{"title": "man", "subtitle": "男人。", "arg": "2.2.5$%man$%男人。$%EN2zh-CHS$%$%",         "icon": "icon.png"}
{"title": "golang", "subtitle": "golang", "arg": "2.2.5$%golang$%golang$%EN2zh-CHS$%$%",         "icon": "icon.png"}
{"title": "c", "subtitle": "c", "arg": "2.2.5$%c$%c$%EN2zh-CHS$%$%",         "icon": "icon.png"}
{"title": "ct", "subtitle": "ct", "arg": "2.2.5$%ct$%ct$%EN2zh-CHS$%$%",         "icon": "icon.png"}
{"title": "cta", "subtitle": "cta", "arg": "2.2.5$%cta$%cta$%EN2zh-CHS$%$%",         "icon": "icon.png"}
{"title": "ct", "subtitle": "ct", "arg": "2.2.5$%ct$%ct$%EN2zh-CHS$%$%",         "icon": "icon.png"}
{"title": "ac", "subtitle": "交流", "arg": "2.2.5$%ac$%交流$%EN2zh-CHS$%$%",         "icon": "icon.png"}
{"title": "activity", "subtitle": "活动", "arg": "2.2.5$%activity$%活动$%EN2zh-CHS$%$%",         "icon": "icon.png"}
{"title": "activity", "subtitle": "活动", "arg": "2.2.5$%activity$%活动$%EN2zh-CHS$%$%",         "icon": "icon.png"}
{"title": "activity", "subtitle": "活动", "arg": "2.2.5$%activity$%活动$%EN2zh-CHS$%$%",         "icon": "icon.png"}
{"title": "apple", "subtitle": "苹果", "arg": "2.2.5$%apple$%苹果$%EN2zh-CHS$%$%",         "icon": "icon.png"}
{"title": "zzy", "subtitle": "zzy", "arg": "2.2.5$%zzy$%zzy$%EN2zh-CHS$%$%",         "icon": "icon.png"}
{"title": "下雨了", "subtitle": "It's raining", "arg": "2.2.5$%下雨了$%It's raining$%zh-CHS2EN$%$%",         "icon": "icon.png"}
{"title": "fatal", "subtitle": "致命的", "arg": "2.2.5$%fatal$%致命的$%EN2zh-CHS$%$%",         "icon": "icon.png"}
{"title": "fatalfata", "subtitle": "fatalfata", "arg": "2.2.5$%fatalfata$%fatalfata$%EN2zh-CHS$%$%",         "icon": "icon.png"}
{"title": "fatal", "subtitle": "致命的", "arg": "2.2.5$%fatal$%致命的$%EN2zh-CHS$%$%",         "icon": "icon.png"}
{"title": "refusing to merge unrelated histories", "subtitle": "拒绝合并历史无关", "arg": "2.2.5$%refusing to merge unrelated histories$%拒绝合并历史无关$%EN2zh-CHS$%$%",         "icon": "icon.png"}
{"title": "pa", "subtitle": "巴勒斯坦权力机构", "arg": "2.2.5$%pa$%巴勒斯坦权力机构$%EN2zh-CHS$%$%",         "icon": "icon.png"}
{"title": "parallel", "subtitle": "平行", "arg": "2.2.5$%parallel$%平行$%EN2zh-CHS$%$%",         "icon": "icon.png"}
{"title": "plain", "subtitle": "平原", "arg": "2.2.5$%plain$%平原$%EN2zh-CHS$%$%",         "icon": "icon.png"}
{"title": "plain", "subtitle": "平原", "arg": "2.2.5$%plain$%平原$%EN2zh-CHS$%$%",         "icon": "icon.png"}
{"title": "plain text", "subtitle": "纯文本", "arg": "2.2.5$%plain text$%纯文本$%EN2zh-CHS$%$%",         "icon": "icon.png"}
{"title": "Termination", "subtitle": "终止", "arg": "2.2.5$%Termination$%终止$%EN2zh-CHS$%$%",         "icon": "icon.png"}
{"title": "crypt", "subtitle": "地下室", "arg": "2.2.5$%crypt$%地下室$%EN2zh-CHS$%$%",         "icon": "icon.png"}
{"title": "delta", "subtitle": "δ", "arg": "2.2.5$%delta$%δ$%EN2zh-CHS$%$%",         "icon": "icon.png"}
{"title": "官方", "subtitle": "The official", "arg": "2.2.5$%官方$%The official$%zh-CHS2EN$%$%",         "icon": "icon.png"}
{"title": "网站", "subtitle": "Web site", "arg": "2.2.5$%网站$%Web site$%zh-CHS2EN$%$%",         "icon": "icon.png"}
{"title": "分类", "subtitle": "classification", "arg": "2.2.5$%分类$%classification$%zh-CHS2EN$%$%",         "icon": "icon.png"}
{"title": "lookup", "subtitle": "查找", "arg": "2.2.5$%lookup$%查找$%EN2zh-CHS$%$%",         "icon": "icon.png"}
{"title": "2.2.5$%$%$%EN2zh-CHS$%$%error", "subtitle": "2.2.5 $ % $ % $ % EN2zh-CHS $ % $ %错误", "arg": "2.2.5$%2.2.5$%$%$%EN2zh-CHS$%$%error$%2.2.5 $ % $ % $ % EN2zh-CHS $ % $ %错误$%EN2zh-CHS$%$%",         "icon": "icon.png"}
{"title": "2.2.5$%$%$%EN2zh-CHS$%$%errorguo", "subtitle": "2.2.5 $ % $ % $ % EN2zh-CHS $ % $ % errorguo", "arg": "2.2.5$%2.2.5$%$%$%EN2zh-CHS$%$%errorguo$%2.2.5 $ % $ % $ % EN2zh-CHS $ % $ % errorguo$%EN2zh-CHS$%$%",         "icon": "icon.png"}
{"title": "国家", "subtitle": "countries", "arg": "2.2.5$%国家$%countries$%zh-CHS2EN$%$%",         "icon": "icon.png"}
{"title": "lab", "subtitle": "实验室", "arg": "2.2.5$%lab$%实验室$%EN2zh-CHS$%$%",         "icon": "icon.png"}
{"title": "company", "subtitle": "公司", "arg": "2.2.5$%company$%公司$%EN2zh-CHS$%$%",         "icon": "icon.png"}
{"title": "mention", "subtitle": "提到", "arg": "2.2.5$%mention$%提到$%EN2zh-CHS$%$%",         "icon": "icon.png"}
{"title": "invoke", "subtitle": "调用", "arg": "2.2.5$%invoke$%调用$%EN2zh-CHS$%$%",         "icon": "icon.png"}
{"title": "esting", "subtitle": "美国东部时间", "arg": "2.2.5$%esting$%美国东部时间$%EN2zh-CHS$%$%",         "icon": "icon.png"}
{"title": "nesting", "subtitle": "嵌套", "arg": "2.2.5$%nesting$%嵌套$%EN2zh-CHS$%$%",         "icon": "icon.png"}
{"title": "except", "subtitle": "除了", "arg": "2.2.5$%except$%除了$%EN2zh-CHS$%$%",         "icon": "icon.png"}
{"title": "except", "subtitle": "除了", "arg": "2.2.5$%except$%除了$%EN2zh-CHS$%$%",         "icon": "icon.png"}
{"title": "Convert", "subtitle": "转换", "arg": "2.2.5$%Convert$%转换$%EN2zh-CHS$%$%",         "icon": "icon.png"}
{"title": "c", "subtitle": "c", "arg": "2.2.5$%c$%c$%EN2zh-CHS$%$%",         "icon": "icon.png"}
{"title": "c", "subtitle": "c", "arg": "2.2.5$%c$%c$%EN2zh-CHS$%$%",         "icon": "icon.png"}
{"title": "cons", "subtitle": "缺点", "arg": "2.2.5$%cons$%缺点$%EN2zh-CHS$%$%",         "icon": "icon.png"}
{"title": "consu", "subtitle": "消费意识", "arg": "2.2.5$%consu$%消费意识$%EN2zh-CHS$%$%",         "icon": "icon.png"}
{"title": "consultant", "subtitle": "顾问", "arg": "2.2.5$%consultant$%顾问$%EN2zh-CHS$%$%",         "icon": "icon.png"}
{"title": "// 订单列表", "subtitle": "/ / order list", "arg": "2.2.5$%// 订单列表$%/ / order list$%zh-CHS2EN$%$%",         "icon": "icon.png"}
{"title": "// 订单列表
钢琴", "subtitle": "/ / order list", "arg": "2.2.5$%// 订单列表
钢琴$%/ / order list$%zh-CHS2EN$%$%",         "icon": "icon.png"}
{"title": "// 订单列表
钢琴", "subtitle": "The piano", "arg": "2.2.5$%// 订单列表
钢琴$%The piano$%zh-CHS2EN$%$%",         "icon": "icon.png"}
{"title": "钢琴", "subtitle": "The piano", "arg": "2.2.5$%钢琴$%The piano$%zh-CHS2EN$%$%",         "icon": "icon.png"}
{"title": "钢琴", "subtitle": "The piano", "arg": "2.2.5$%钢琴$%The piano$%zh-CHS2EN$%$%",         "icon": "icon.png"}
{"title": "黄瓜", "subtitle": "cucumber", "arg": "2.2.5$%黄瓜$%cucumber$%zh-CHS2EN$%$%",         "icon": "icon.png"}
{"title": "f", "subtitle": "f", "arg": "2.2.5$%f$%f$%EN2zh-CHS$%$%",         "icon": "icon.png"}
{"title": "浮动", "subtitle": "floating", "arg": "2.2.5$%浮动$%floating$%zh-CHS2EN$%$%",         "icon": "icon.png"}
{"title": "浮动费率", "subtitle": "A floating rate", "arg": "2.2.5$%浮动费率$%A floating rate$%zh-CHS2EN$%$%",         "icon": "icon.png"}
{"title": "平台", "subtitle": "platform", "arg": "2.2.5$%平台$%platform$%zh-CHS2EN$%$%",         "icon": "icon.png"}
{"title": "}", "subtitle": "}", "arg": "2.2.5$%}$%}$%EN2zh-CHS$%$%",         "icon": "icon.png"}
{"title": "location = /50x.html {
        root   html;
          }", "subtitle": "位置= / 50 x。html {", "arg": "2.2.5$%location = /50x.html {
        root   html;
          }$%位置= / 50 x。html {$%EN2zh-CHS$%$%",         "icon": "icon.png"}
{"title": "location = /50x.html {
        root   html;
          }", "subtitle": "根html;", "arg": "2.2.5$%location = /50x.html {
        root   html;
          }$%根html;$%EN2zh-CHS$%$%",         "icon": "icon.png"}
{"title": "location = /50x.html {
        root   html;
          }", "subtitle": "}", "arg": "2.2.5$%location = /50x.html {
        root   html;
          }$%}$%EN2zh-CHS$%$%",         "icon": "icon.png"}
{"title": "当前站点未开放，请联系管理员", "subtitle": "The current site does not open, please contact your administrator", "arg": "2.2.5$%当前站点未开放，请联系管理员$%The current site does not open, please contact your administrator$%zh-CHS2EN$%$%",         "icon": "icon.png"}
{"title": "The current site does not open, please contact your administrator", "subtitle": "当前网站不开放,请联系您的系统管理员", "arg": "2.2.5$%The current site does not open, please contact your administrator$%当前网站不开放,请联系您的系统管理员$%EN2zh-CHS$%$%",         "icon": "icon.png"}
{"title": "当前交易不被允许，请重新选择其他卖家", "subtitle": "Current trading is not allowed, please choose other sellers again", "arg": "2.2.5$%当前交易不被允许，请重新选择其他卖家$%Current trading is not allowed, please choose other sellers again$%zh-CHS2EN$%$%",         "icon": "icon.png"}
{"title": "当前交易不被允许，请重新选择其他卖家", "subtitle": "Current trading is not allowed, please choose other sellers again", "arg": "2.2.5$%当前交易不被允许，请重新选择其他卖家$%Current trading is not allowed, please choose other sellers again$%zh-CHS2EN$%$%",         "icon": "icon.png"}
{"title": "One number and one uppercase character required", "subtitle": "一个数字和一个大写字符", "arg": "2.2.5$%One number and one uppercase character required$%一个数字和一个大写字符$%EN2zh-CHS$%$%",         "icon": "icon.png"}
{"title": "One number and one uppercase character required
One number and one uppercase character required", "subtitle": "一个数字和一个大写字符", "arg": "2.2.5$%One number and one uppercase character required
One number and one uppercase character required$%一个数字和一个大写字符$%EN2zh-CHS$%$%",         "icon": "icon.png"}
{"title": "One number and one uppercase character required
One number and one uppercase character required", "subtitle": "一个数字和一个大写字符", "arg": "2.2.5$%One number and one uppercase character required
One number and one uppercase character required$%一个数字和一个大写字符$%EN2zh-CHS$%$%",         "icon": "icon.png"}
{"title": "compatible", "subtitle": "兼容的", "arg": "2.2.5$%compatible$%兼容的$%EN2zh-CHS$%$%",         "icon": "icon.png"}
{"title": "palm", "subtitle": "棕榈", "arg": "2.2.5$%palm$%棕榈$%EN2zh-CHS$%$%",         "icon": "icon.png"}
{"title": "plam", "subtitle": "plam", "arg": "2.2.5$%plam$%plam$%EN2zh-CHS$%$%",         "icon": "icon.png"}
{"title": "Tutorial", "subtitle": "教程", "arg": "2.2.5$%Tutorial$%教程$%EN2zh-CHS$%$%",         "icon": "icon.png"}
{"title": "aquarium", "subtitle": "水族馆", "arg": "2.2.5$%aquarium$%水族馆$%EN2zh-CHS$%$%",         "icon": "icon.png"}
{"title": "resum", "subtitle": "resum", "arg": "2.2.5$%resum$%resum$%EN2zh-CHS$%$%",         "icon": "icon.png"}
{"title": "简历", "subtitle": "resume", "arg": "2.2.5$%简历$%resume$%zh-CHS2EN$%$%",         "icon": "icon.png"}
{"title": "established", "subtitle": "建立了", "arg": "2.2.5$%established$%建立了$%EN2zh-CHS$%$%",         "icon": "icon.png"}
{"title": "upgrade", "subtitle": "升级", "arg": "2.2.5$%upgrade$%升级$%EN2zh-CHS$%$%",         "icon": "icon.png"}
{"title": "longer", "subtitle": "长", "arg": "2.2.5$%longer$%长$%EN2zh-CHS$%$%",         "icon": "icon.png"}
{"title": "阻塞", "subtitle": "blocking", "arg": "2.2.5$%阻塞$%blocking$%zh-CHS2EN$%$%",         "icon": "icon.png"}
{"title": "level", "subtitle": "水平", "arg": "2.2.5$%level$%水平$%EN2zh-CHS$%$%",         "icon": "icon.png"}
{"title": "legacy", "subtitle": "遗产", "arg": "2.2.5$%legacy$%遗产$%EN2zh-CHS$%$%",         "icon": "icon.png"}
{"title": "UPGRADE", "subtitle": "升级", "arg": "2.2.5$%UPGRADE$%升级$%EN2zh-CHS$%$%",         "icon": "icon.png"}
{"title": "m", "subtitle": "米", "arg": "2.2.5$%m$%米$%EN2zh-CHS$%$%",         "icon": "icon.png"}
{"title": "money", "subtitle": "钱", "arg": "2.2.5$%money$%钱$%EN2zh-CHS$%$%",         "icon": "icon.png"}
{"title": "喝水", "subtitle": "Drink lots of water", "arg": "2.2.5$%喝水$%Drink lots of water$%zh-CHS2EN$%$%",         "icon": "icon.png"}
{"title": "摇一摇", "subtitle": "shake", "arg": "2.2.5$%摇一摇$%shake$%zh-CHS2EN$%$%",         "icon": "icon.png"}
{"title": "wheel", "subtitle": "轮", "arg": "2.2.5$%wheel$%轮$%EN2zh-CHS$%$%",         "icon": "icon.png"}
{"title": "resume", "subtitle": "的简历", "arg": "2.2.5$%resume$%的简历$%EN2zh-CHS$%$%",         "icon": "icon.png"}
{"title": "bin", "subtitle": "箱子", "arg": "2.2.5$%bin$%箱子$%EN2zh-CHS$%$%",         "icon": "icon.png"}
{"title": "binary", "subtitle": "二进制", "arg": "2.2.5$%binary$%二进制$%EN2zh-CHS$%$%",         "icon": "icon.png"}
{"title": "dan", "subtitle": "丹", "arg": "2.2.5$%dan$%丹$%EN2zh-CHS$%$%",         "icon": "icon.png"}
{"title": "daniel", "subtitle": "丹尼尔", "arg": "2.2.5$%daniel$%丹尼尔$%EN2zh-CHS$%$%",         "icon": "icon.png"}
{"title": "s", "subtitle": "年代", "arg": "2.2.5$%s$%年代$%EN2zh-CHS$%$%",         "icon": "icon.png"}
{"title": "st", "subtitle": "圣", "arg": "2.2.5$%st$%圣$%EN2zh-CHS$%$%",         "icon": "icon.png"}
{"title": "stor", "subtitle": "大的", "arg": "2.2.5$%stor$%大的$%EN2zh-CHS$%$%",         "icon": "icon.png"}
{"title": "da", "subtitle": "达", "arg": "2.2.5$%da$%达$%EN2zh-CHS$%$%",         "icon": "icon.png"}
{"title": "dan", "subtitle": "丹", "arg": "2.2.5$%dan$%丹$%EN2zh-CHS$%$%",         "icon": "icon.png"}
{"title": "danie", "subtitle": "丹尼", "arg": "2.2.5$%danie$%丹尼$%EN2zh-CHS$%$%",         "icon": "icon.png"}
{"title": "expecting", "subtitle": "期待", "arg": "2.2.5$%expecting$%期待$%EN2zh-CHS$%$%",         "icon": "icon.png"}
{"title": "destination", "subtitle": "目的地", "arg": "2.2.5$%destination$%目的地$%EN2zh-CHS$%$%",         "icon": "icon.png"}
{"title": "Invoke", "subtitle": "调用", "arg": "2.2.5$%Invoke$%调用$%EN2zh-CHS$%$%",         "icon": "icon.png"}
{"title": "喝水", "subtitle": "Drink lots of water", "arg": "2.2.5$%喝水$%Drink lots of water$%zh-CHS2EN$%$%",         "icon": "icon.png"}
{"title": "eat", "subtitle": "吃", "arg": "2.2.5$%eat$%吃$%EN2zh-CHS$%$%",         "icon": "icon.png"}
{"title": "idiom", "subtitle": "成语", "arg": "2.2.5$%idiom$%成语$%EN2zh-CHS$%$%",         "icon": "icon.png"}
{"title": "because the
// surrounding function has not yet been extended to accept a Context", "subtitle": "因为", "arg": "2.2.5$%because the
// surrounding function has not yet been extended to accept a Context$%因为$%EN2zh-CHS$%$%",         "icon": "icon.png"}
{"title": "because the
// surrounding function has not yet been extended to accept a Context", "subtitle": "/ /周边功能尚未扩大到接受一个上下文", "arg": "2.2.5$%because the
// surrounding function has not yet been extended to accept a Context$%/ /周边功能尚未扩大到接受一个上下文$%EN2zh-CHS$%$%",         "icon": "icon.png"}
{"title": "dispatcher", "subtitle": "调度程序", "arg": "2.2.5$%dispatcher$%调度程序$%EN2zh-CHS$%$%",         "icon": "icon.png"}
{"title": "daemon", "subtitle": "守护进程", "arg": "2.2.5$%daemon$%守护进程$%EN2zh-CHS$%$%",         "icon": "icon.png"}
{"title": "receives", "subtitle": "接收", "arg": "2.2.5$%receives$%接收$%EN2zh-CHS$%$%",         "icon": "icon.png"}
{"title": "delivers", "subtitle": "提供", "arg": "2.2.5$%delivers$%提供$%EN2zh-CHS$%$%",         "icon": "icon.png"}
{"title": "rema", "subtitle": "瑞玛", "arg": "2.2.5$%rema$%瑞玛$%EN2zh-CHS$%$%",         "icon": "icon.png"}
{"title": "remind", "subtitle": "提醒", "arg": "2.2.5$%remind$%提醒$%EN2zh-CHS$%$%",         "icon": "icon.png"}
{"title": "wasm", "subtitle": "wasm", "arg": "2.2.5$%wasm$%wasm$%EN2zh-CHS$%$%",         "icon": "icon.png"}
{"title": "WebAssembly", "subtitle": "WebAssembly", "arg": "2.2.5$%WebAssembly$%WebAssembly$%EN2zh-CHS$%$%",         "icon": "icon.png"}
{"title": "Interceptor", "subtitle": "拦截器", "arg": "2.2.5$%Interceptor$%拦截器$%EN2zh-CHS$%$%",         "icon": "icon.png"}
{"title": "clear", "subtitle": "清晰的", "arg": "2.2.5$%clear$%清晰的$%EN2zh-CHS$%$%",         "icon": "icon.png"}
{"title": "清理", "subtitle": "Clean up the", "arg": "2.2.5$%清理$%Clean up the$%zh-CHS2EN$%$%",         "icon": "icon.png"}
{"title": "l", "subtitle": "l", "arg": "2.2.5$%l$%l$%EN2zh-CHS$%$%",         "icon": "icon.png"}
{"title": "流量", "subtitle": "traffic", "arg": "2.2.5$%流量$%traffic$%zh-CHS2EN$%$%",         "icon": "icon.png"}
{"title": "保护", "subtitle": "To protect the", "arg": "2.2.5$%保护$%To protect the$%zh-CHS2EN$%$%",         "icon": "icon.png"}
{"title": "instructs", "subtitle": "指示", "arg": "2.2.5$%instructs$%指示$%EN2zh-CHS$%$%",         "icon": "icon.png"}
{"title": "patch", "subtitle": "补丁", "arg": "2.2.5$%patch$%补丁$%EN2zh-CHS$%$%",         "icon": "icon.png"}
{"title": "May specify more
    	than one via multiple flags. These headers will only be used during
    	reflection requests and will be excluded when invoking the requested RPC
    	method.", "subtitle": "可以指定更多的", "arg": "2.2.5$%May specify more
    	than one via multiple flags. These headers will only be used during
    	reflection requests and will be excluded when invoking the requested RPC
    	method.$%可以指定更多的$%EN2zh-CHS$%$%",         "icon": "icon.png"}
{"title": "May specify more
    	than one via multiple flags. These headers will only be used during
    	reflection requests and will be excluded when invoking the requested RPC
    	method.", "subtitle": "通过多种的旗帜。这些头只会期间使用", "arg": "2.2.5$%May specify more
    	than one via multiple flags. These headers will only be used during
    	reflection requests and will be excluded when invoking the requested RPC
    	method.$%通过多种的旗帜。这些头只会期间使用$%EN2zh-CHS$%$%",         "icon": "icon.png"}
{"title": "May specify more
    	than one via multiple flags. These headers will only be used during
    	reflection requests and will be excluded when invoking the requested RPC
    	method.", "subtitle": "反射的请求并将请求调用RPC时被排除在外", "arg": "2.2.5$%May specify more
    	than one via multiple flags. These headers will only be used during
    	reflection requests and will be excluded when invoking the requested RPC
    	method.$%反射的请求并将请求调用RPC时被排除在外$%EN2zh-CHS$%$%",         "icon": "icon.png"}
{"title": "May specify more
    	than one via multiple flags. These headers will only be used during
    	reflection requests and will be excluded when invoking the requested RPC
    	method.", "subtitle": "方法。", "arg": "2.2.5$%May specify more
    	than one via multiple flags. These headers will only be used during
    	reflection requests and will be excluded when invoking the requested RPC
    	method.$%方法。$%EN2zh-CHS$%$%",         "icon": "icon.png"}
{"title": "benefit", "subtitle": "好处", "arg": "2.2.5$%benefit$%好处$%EN2zh-CHS$%$%",         "icon": "icon.png"}
{"title": "statistic", "subtitle": "统计", "arg": "2.2.5$%statistic$%统计$%EN2zh-CHS$%$%",         "icon": "icon.png"}
{"title": "Greeting Letter", "subtitle": "问候的信", "arg": "2.2.5$%Greeting Letter$%问候的信$%EN2zh-CHS$%$%",         "icon": "icon.png"}
{"title": "securely isolated from the rest of your machine.", "subtitle": "安全地隔绝你其他的机器。", "arg": "2.2.5$%securely isolated from the rest of your machine.$%安全地隔绝你其他的机器。$%EN2zh-CHS$%$%",         "icon": "icon.png"}
{"title": "Thanks for your pull request. It looks like this may be your first contribution to a Google open source project (if not, look below for help). Before we can look at your pull request, you'll need to sign a Contributor License Agreement (CLA).", "subtitle": "谢谢你的请求。看来这可能是你第一次对一个谷歌的开放源码项目(如果没有,下面寻找帮助)。可以看看你把请求之前,你需要签署一份贡献许可协议(CLA)。", "arg": "2.2.5$%Thanks for your pull request. It looks like this may be your first contribution to a Google open source project (if not, look below for help). Before we can look at your pull request, you'll need to sign a Contributor License Agreement (CLA).$%谢谢你的请求。看来这可能是你第一次对一个谷歌的开放源码项目(如果没有,下面寻找帮助)。可以看看你把请求之前,你需要签署一份贡献许可协议(CLA)。$%EN2zh-CHS$%$%",         "icon": "icon.png"}
{"title": "Untrusted", "subtitle": "不可信的", "arg": "2.2.5$%Untrusted$%不可信的$%EN2zh-CHS$%$%",         "icon": "icon.png"}
{"title": "I agree. There is no need for this.", "subtitle": "我同意。没有必要。", "arg": "2.2.5$%I agree. There is no need for this.$%我同意。没有必要。$%EN2zh-CHS$%$%",         "icon": "icon.png"}
{"title": "This can already be done with existing code in the standard library. https://play.golang.org/p/J3K3SnAaNqx", "subtitle": "这已经可以通过标准库中现有的代码。https://play.golang.org/p/J3K3SnAaNqx", "arg": "2.2.5$%This can already be done with existing code in the standard library. https://play.golang.org/p/J3K3SnAaNqx$%这已经可以通过标准库中现有的代码。https://play.golang.org/p/J3K3SnAaNqx$%EN2zh-CHS$%$%",         "icon": "icon.png"}
{"title": "Julie was a delight to work with, smart, diligent and pleasant. I always learned from her as well as taught her.", "subtitle": "朱莉是一个喜悦,聪明,勤奋和愉快的。我总是从她教她。", "arg": "2.2.5$%Julie was a delight to work with, smart, diligent and pleasant. I always learned from her as well as taught her.$%朱莉是一个喜悦,聪明,勤奋和愉快的。我总是从她教她。$%EN2zh-CHS$%$%",         "icon": "icon.png"}
{"title": "st", "subtitle": "圣", "arg": "2.2.5$%st$%圣$%EN2zh-CHS$%$%",         "icon": "icon.png"}
{"title": "setup", "subtitle": "设置", "arg": "2.2.5$%setup$%设置$%EN2zh-CHS$%$%",         "icon": "icon.png"}
{"title": "play", "subtitle": "玩", "arg": "2.2.5$%play$%玩$%EN2zh-CHS$%$%",         "icon": "icon.png"}
{"title": "playbook", "subtitle": "剧本", "arg": "2.2.5$%playbook$%剧本$%EN2zh-CHS$%$%",         "icon": "icon.png"}
{"title": "simply", "subtitle": "简单的", "arg": "2.2.5$%simply$%简单的$%EN2zh-CHS$%$%",         "icon": "icon.png"}
{"title": "man", "subtitle": "男人。", "arg": "2.2.5$%man$%男人。$%EN2zh-CHS$%$%",         "icon": "icon.png"}
{"title": "manu", "subtitle": "马努", "arg": "2.2.5$%manu$%马努$%EN2zh-CHS$%$%",         "icon": "icon.png"}
{"title": "manually", "subtitle": "手动", "arg": "2.2.5$%manually$%手动$%EN2zh-CHS$%$%",         "icon": "icon.png"}
{"title": "the free encyclopedia", "subtitle": "免费的百科全书", "arg": "2.2.5$%the free encyclopedia$%免费的百科全书$%EN2zh-CHS$%$%",         "icon": "icon.png"}
{"title": "This is a featured picture, which means that members of the community have identified it as one of the finest images on the English Wikipedia, adding significantly to its accompanying article. If you have a different image of similar quality, be sure to upload it using the proper free license tag, add it to a relevant article, and nominate it.", "subtitle": "这是一个特色图片,这意味着社区成员已经确定这是一个最好的在英文维基百科图片,添加显著篇文章。如果你有一个不同的图像相似的质量,一定要上传它使用适当的免费许可标签,将其添加到相关的文章,并提名。", "arg": "2.2.5$%This is a featured picture, which means that members of the community have identified it as one of the finest images on the English Wikipedia, adding significantly to its accompanying article. If you have a different image of similar quality, be sure to upload it using the proper free license tag, add it to a relevant article, and nominate it.$%这是一个特色图片,这意味着社区成员已经确定这是一个最好的在英文维基百科图片,添加显著篇文章。如果你有一个不同的图像相似的质量,一定要上传它使用适当的免费许可标签,将其添加到相关的文章,并提名。$%EN2zh-CHS$%$%",         "icon": "icon.png"}
{"title": "This is a featured picture, which means that members of the community have identified it as one of the finest images on the English Wikipedia, adding significantly to its accompanying article. If you have a different image of similar quality, be sure to upload it using the proper free license tag, add it to a relevant article, and nominate it.
gg", "subtitle": "这是一个特色图片,这意味着社区成员已经确定这是一个最好的在英文维基百科图片,添加显著篇文章。如果你有一个不同的图像相似的质量,一定要上传它使用适当的免费许可标签,将其添加到相关的文章,并提名。", "arg": "2.2.5$%This is a featured picture, which means that members of the community have identified it as one of the finest images on the English Wikipedia, adding significantly to its accompanying article. If you have a different image of similar quality, be sure to upload it using the proper free license tag, add it to a relevant article, and nominate it.
gg$%这是一个特色图片,这意味着社区成员已经确定这是一个最好的在英文维基百科图片,添加显著篇文章。如果你有一个不同的图像相似的质量,一定要上传它使用适当的免费许可标签,将其添加到相关的文章,并提名。$%EN2zh-CHS$%$%",         "icon": "icon.png"}
{"title": "This is a featured picture, which means that members of the community have identified it as one of the finest images on the English Wikipedia, adding significantly to its accompanying article. If you have a different image of similar quality, be sure to upload it using the proper free license tag, add it to a relevant article, and nominate it.
gg", "subtitle": "gg", "arg": "2.2.5$%This is a featured picture, which means that members of the community have identified it as one of the finest images on the English Wikipedia, adding significantly to its accompanying article. If you have a different image of similar quality, be sure to upload it using the proper free license tag, add it to a relevant article, and nominate it.
gg$%gg$%EN2zh-CHS$%$%",         "icon": "icon.png"}
{"title": "Media and Communication Informatics", "subtitle": "媒体和交流信息", "arg": "2.2.5$%Media and Communication Informatics$%媒体和交流信息$%EN2zh-CHS$%$%",         "icon": "icon.png"}
{"title": "antonio", "subtitle": "安东尼奥", "arg": "2.2.5$%antonio$%安东尼奥$%EN2zh-CHS$%$%",         "icon": "icon.png"}
{"title": "custom", "subtitle": "自定义", "arg": "2.2.5$%custom$%自定义$%EN2zh-CHS$%$%",         "icon": "icon.png"}
{"title": "asdas", "subtitle": "阿斯达", "arg": "2.2.5$%asdas$%阿斯达$%EN2zh-CHS$%$%",         "icon": "icon.png"}
{"title": "alibb", "subtitle": "alibb", "arg": "2.2.5$%alibb$%alibb$%EN2zh-CHS$%$%",         "icon": "icon.png"}
{"title": "a", "subtitle": "一个", "arg": "2.2.5$%a$%一个$%EN2zh-CHS$%$%",         "icon": "icon.png"}
{"title": "阿里巴巴", "subtitle": "alibaba", "arg": "2.2.5$%阿里巴巴$%alibaba$%zh-CHS2EN$%$%",         "icon": "icon.png"}
{"title": "zhuc", "subtitle": "zhuc", "arg": "2.2.5$%zhuc$%zhuc$%EN2zh-CHS$%$%",         "icon": "icon.png"}
{"title": "注册", "subtitle": "registered", "arg": "2.2.5$%注册$%registered$%zh-CHS2EN$%$%",         "icon": "icon.png"}
{"title": "contrib", "subtitle": "普通发布版", "arg": "2.2.5$%contrib$%普通发布版$%EN2zh-CHS$%$%",         "icon": "icon.png"}
{"title": "sss", "subtitle": "瑞士", "arg": "2.2.5$%sss$%瑞士$%EN2zh-CHS$%$%",         "icon": "icon.png"}
{"title": "s", "subtitle": "年代", "arg": "2.2.5$%s$%年代$%EN2zh-CHS$%$%",         "icon": "icon.png"}
{"title": "res", "subtitle": "res", "arg": "2.2.5$%res$%res$%EN2zh-CHS$%$%",         "icon": "icon.png"}
{"title": "resource", "subtitle": "资源", "arg": "2.2.5$%resource$%资源$%EN2zh-CHS$%$%",         "icon": "icon.png"}
{"title": "The -u flag instructs get to update modules providing dependencies
of packages named on the command line to use newer minor or patch
releases when available.", "subtitle": "- u标志指示得到更新模块提供依赖项", "arg": "2.2.5$%The -u flag instructs get to update modules providing dependencies
of packages named on the command line to use newer minor or patch
releases when available.$%- u标志指示得到更新模块提供依赖项$%EN2zh-CHS$%$%",         "icon": "icon.png"}
{"title": "The -u flag instructs get to update modules providing dependencies
of packages named on the command line to use newer minor or patch
releases when available.", "subtitle": "包的命名在命令行上使用更新的补丁或小", "arg": "2.2.5$%The -u flag instructs get to update modules providing dependencies
of packages named on the command line to use newer minor or patch
releases when available.$%包的命名在命令行上使用更新的补丁或小$%EN2zh-CHS$%$%",         "icon": "icon.png"}
{"title": "The -u flag instructs get to update modules providing dependencies
of packages named on the command line to use newer minor or patch
releases when available.", "subtitle": "当可用的版本。", "arg": "2.2.5$%The -u flag instructs get to update modules providing dependencies
of packages named on the command line to use newer minor or patch
releases when available.$%当可用的版本。$%EN2zh-CHS$%$%",         "icon": "icon.png"}
{"title": "Pouring", "subtitle": "倒", "arg": "2.2.5$%Pouring$%倒$%EN2zh-CHS$%$%",         "icon": "icon.png"}
{"title": "w", "subtitle": "w", "arg": "2.2.5$%w$%w$%EN2zh-CHS$%$%",         "icon": "icon.png"}
{"title": "五月", "subtitle": "May", "arg": "2.2.5$%五月$%May$%zh-CHS2EN$%$%",         "icon": "icon.png"}
{"title": "三月", "subtitle": "March", "arg": "2.2.5$%三月$%March$%zh-CHS2EN$%$%",         "icon": "icon.png"}
{"title": "五月", "subtitle": "May", "arg": "2.2.5$%五月$%May$%zh-CHS2EN$%$%",         "icon": "icon.png"}
{"title": "tap", "subtitle": "利用", "arg": "2.2.5$%tap$%利用$%EN2zh-CHS$%$%",         "icon": "icon.png"}
{"title": "restore", "subtitle": "恢复", "arg": "2.2.5$%restore$%恢复$%EN2zh-CHS$%$%",         "icon": "icon.png"}
{"title": "ilently", "subtitle": "ilently", "arg": "2.2.5$%ilently$%ilently$%EN2zh-CHS$%$%",         "icon": "icon.png"}
{"title": "silently", "subtitle": "默默地", "arg": "2.2.5$%silently$%默默地$%EN2zh-CHS$%$%",         "icon": "icon.png"}
{"title": "The request processing has failed due to some unknown error", "subtitle": "请求处理失败了由于一些未知的错误", "arg": "2.2.5$%The request processing has failed due to some unknown error$%请求处理失败了由于一些未知的错误$%EN2zh-CHS$%$%",         "icon": "icon.png"}
{"title": "specified", "subtitle": "指定的", "arg": "2.2.5$%specified$%指定的$%EN2zh-CHS$%$%",         "icon": "icon.png"}
{"title": "bundle identifier", "subtitle": "包标识符", "arg": "2.2.5$%bundle identifier$%包标识符$%EN2zh-CHS$%$%",         "icon": "icon.png"}
{"title": "disabled", "subtitle": "禁用", "arg": "2.2.5$%disabled$%禁用$%EN2zh-CHS$%$%",         "icon": "icon.png"}
{"title": "asd", "subtitle": "自闭症谱系障碍", "arg": "2.2.5$%asd$%自闭症谱系障碍$%EN2zh-CHS$%$%",         "icon": "icon.png"}
{"title": "To enable MarkdownLivePreview, you need to be on a markdown view (works with
  Markdown Extended). Then just press , or search up in the command
  palette: 'MarkdownLivePreview: Toggle'. Hit enter and you're done. As soon as
  you type anything in, it'll show up with the preview in a new group.", "subtitle": "要启用MarkdownLivePreview,你需要在减价视图(使用", "arg": "2.2.5$%To enable MarkdownLivePreview, you need to be on a markdown view (works with
  Markdown Extended). Then just press , or search up in the command
  palette: 'MarkdownLivePreview: Toggle'. Hit enter and you're done. As soon as
  you type anything in, it'll show up with the preview in a new group.$%要启用MarkdownLivePreview,你需要在减价视图(使用$%EN2zh-CHS$%$%",         "icon": "icon.png"}
{"title": "To enable MarkdownLivePreview, you need to be on a markdown view (works with
  Markdown Extended). Then just press , or search up in the command
  palette: 'MarkdownLivePreview: Toggle'. Hit enter and you're done. As soon as
  you type anything in, it'll show up with the preview in a new group.", "subtitle": "减价扩展)。然后出版社,或搜索命令", "arg": "2.2.5$%To enable MarkdownLivePreview, you need to be on a markdown view (works with
  Markdown Extended). Then just press , or search up in the command
  palette: 'MarkdownLivePreview: Toggle'. Hit enter and you're done. As soon as
  you type anything in, it'll show up with the preview in a new group.$%减价扩展)。然后出版社,或搜索命令$%EN2zh-CHS$%$%",         "icon": "icon.png"}
{"title": "To enable MarkdownLivePreview, you need to be on a markdown view (works with
  Markdown Extended). Then just press , or search up in the command
  palette: 'MarkdownLivePreview: Toggle'. Hit enter and you're done. As soon as
  you type anything in, it'll show up with the preview in a new group.", "subtitle": "板:“MarkdownLivePreview:切换”。回车,你就完成了。一旦", "arg": "2.2.5$%To enable MarkdownLivePreview, you need to be on a markdown view (works with
  Markdown Extended). Then just press , or search up in the command
  palette: 'MarkdownLivePreview: Toggle'. Hit enter and you're done. As soon as
  you type anything in, it'll show up with the preview in a new group.$%板:“MarkdownLivePreview:切换”。回车,你就完成了。一旦$%EN2zh-CHS$%$%",         "icon": "icon.png"}
{"title": "To enable MarkdownLivePreview, you need to be on a markdown view (works with
  Markdown Extended). Then just press , or search up in the command
  palette: 'MarkdownLivePreview: Toggle'. Hit enter and you're done. As soon as
  you type anything in, it'll show up with the preview in a new group.", "subtitle": "你输入什么,它会显示预览一个新组。", "arg": "2.2.5$%To enable MarkdownLivePreview, you need to be on a markdown view (works with
  Markdown Extended). Then just press , or search up in the command
  palette: 'MarkdownLivePreview: Toggle'. Hit enter and you're done. As soon as
  you type anything in, it'll show up with the preview in a new group.$%你输入什么,它会显示预览一个新组。$%EN2zh-CHS$%$%",         "icon": "icon.png"}
{"title": "fatal: could not read Username for 'http://git.ztosys.com': terminal prompts disabled", "subtitle": "致命:不能读为“http://git.ztosys.com”用户名:终端提示禁用", "arg": "2.2.5$%fatal: could not read Username for 'http://git.ztosys.com': terminal prompts disabled$%致命:不能读为“http://git.ztosys.com”用户名:终端提示禁用$%EN2zh-CHS$%$%",         "icon": "icon.png"}
{"title": "endpoints", "subtitle": "端点", "arg": "2.2.5$%endpoints$%端点$%EN2zh-CHS$%$%",         "icon": "icon.png"}
{"title": "1", "subtitle": "1", "arg": "2.2.5$%1$%1$%EN2zh-CHS$%$%",         "icon": "icon.png"}
{"title": "奋斗", "subtitle": "struggle", "arg": "2.2.5$%奋斗$%struggle$%zh-CHS2EN$%$%",         "icon": "icon.png"}
{"title": "战斗", "subtitle": "fighting", "arg": "2.2.5$%战斗$%fighting$%zh-CHS2EN$%$%",         "icon": "icon.png"}
{"title": "q", "subtitle": "问", "arg": "2.2.5$%q$%问$%EN2zh-CHS$%$%",         "icon": "icon.png"}
{"title": "期望", "subtitle": "expect", "arg": "2.2.5$%期望$%expect$%zh-CHS2EN$%$%",         "icon": "icon.png"}
{"title": "绑定", "subtitle": "The binding", "arg": "2.2.5$%绑定$%The binding$%zh-CHS2EN$%$%",         "icon": "icon.png"}
{"title": "spanner", "subtitle": "扳手", "arg": "2.2.5$%spanner$%扳手$%EN2zh-CHS$%$%",         "icon": "icon.png"}
{"title": "apple", "subtitle": "苹果", "arg": "2.2.5$%apple$%苹果$%EN2zh-CHS$%$%",         "icon": "icon.png"}
{"title": "prote", "subtitle": "prote来", "arg": "2.2.5$%prote$%prote来$%EN2zh-CHS$%$%",         "icon": "icon.png"}
{"title": "protein", "subtitle": "蛋白质", "arg": "2.2.5$%protein$%蛋白质$%EN2zh-CHS$%$%",         "icon": "icon.png"}
